<?xml version="1.0" encoding="UTF-8"?>
<testsuite xmlns:xsi="http://www.w3.org/2001/XMLSchema-instance" xsi:noNamespaceSchemaLocation="https://maven.apache.org/surefire/maven-surefire-plugin/xsd/surefire-test-report-3.0.xsd" version="3.0" name="TestSuite" time="23.312" tests="3" errors="0" skipped="0" failures="0">
  <properties>
[...]
</properties>
  <testcase name="runScenario[&quot;Succesfully login with valid credentails&quot;, &quot;Login&quot;](1)" classname="TestRunner.Testrun" time="10.411">
    <system-out><![CDATA[
Scenario: Succesfully login with valid credentails                              # Features/Login.feature:3
  Given user lauch Chrome browser                                               # StepDefination.Steps.user_lauch_chrome_browser()
  When user open URL "https://practicetestautomation.com/practice-test-login/"; # StepDefination.Steps.user_open_url(java.lang.String)
  And user enter username  as "student"                                         # StepDefination.Steps.user_enter_username_as(java.lang.String)
  And user enter password as "Password123"                                      # StepDefination.Steps.user_enter_password_as(java.lang.String)
  And click on Submit                                                           # StepDefination.Steps.click_on_submit()
  Then page title should be "Logged In Successfully | Practice Test Automation" # StepDefination.Steps.page_title_should_be(java.lang.String)
  When user click on logout link                                                # StepDefination.Steps.user_click_on_logout_link()
  Then page title should be "Test Login | Practice Test Automation"             # StepDefination.Steps.page_title_should_be(java.lang.String)
  And close the browser                                                         # StepDefination.Steps.close_the_browser()
]]></system-out>
    <system-err><![CDATA[SLF4J(W): No SLF4J providers were found.
SLF4J(W): Defaulting to no-operation (NOP) logger implementation
SLF4J(W): See https://www.slf4j.org/codes.html#noProviders for further details.
Apr 24, 2024 5:23:48 PM org.openqa.selenium.devtools.CdpVersionFinder findNearestMatch
WARNING: Unable to find an exact match for CDP version 124, returning the closest version; found: 123; Please update to a Selenium version that supports CDP version 124
]]></system-err>
  </testcase>
  <testcase name="runScenario[&quot;Login Data Driven&quot;, &quot;Login&quot;](2)" classname="TestRunner.Testrun" time="5.339">
    <system-out><![CDATA[
Scenario Outline: Login Data Driven                                             # Features/Login.feature:26
  Given user lauch Chrome browser                                               # StepDefination.Steps.user_lauch_chrome_browser()
  When user open URL "https://practicetestautomation.com/practice-test-login/"; # StepDefination.Steps.user_open_url(java.lang.String)
  And user enter username  as "Avinash"                                         # StepDefination.Steps.user_enter_username_as(java.lang.String)
  And user enter password as "Password123"                                      # StepDefination.Steps.user_enter_password_as(java.lang.String)
  And click on Submit                                                           # StepDefination.Steps.click_on_submit()
  Then page title should be "Test Login | Practice Test Automation"             # StepDefination.Steps.page_title_should_be(java.lang.String)
  And close the browser                                                         # StepDefination.Steps.close_the_browser()
]]></system-out>
    <system-err><![CDATA[Apr 24, 2024 5:23:57 PM org.openqa.selenium.devtools.CdpVersionFinder findNearestMatch
WARNING: Unable to find an exact match for CDP version 124, returning the closest version; found: 123; Please update to a Selenium version that supports CDP version 124
]]></system-err>
  </testcase>
  <testcase name="runScenario[&quot;Login Data Driven&quot;, &quot;Login&quot;](3)" classname="TestRunner.Testrun" time="6.109">
    <system-out><![CDATA[
Scenario Outline: Login Data Driven                                             # Features/Login.feature:27
  Given user lauch Chrome browser                                               # StepDefination.Steps.user_lauch_chrome_browser()
  When user open URL "https://practicetestautomation.com/practice-test-login/"; # StepDefination.Steps.user_open_url(java.lang.String)
  And user enter username  as "student"                                         # StepDefination.Steps.user_enter_username_as(java.lang.String)
  And user enter password as "Avinash@123"                                      # StepDefination.Steps.user_enter_password_as(java.lang.String)
  And click on Submit                                                           # StepDefination.Steps.click_on_submit()
  Then page title should be "Test Login | Practice Test Automation"             # StepDefination.Steps.page_title_should_be(java.lang.String)
  And close the browser                                                         # StepDefination.Steps.close_the_browser()
]]></system-out>
    <system-err><![CDATA[Apr 24, 2024 5:24:02 PM org.openqa.selenium.devtools.CdpVersionFinder findNearestMatch
WARNING: Unable to find an exact match for CDP version 124, returning the closest version; found: 123; Please update to a Selenium version that supports CDP version 124
]]></system-err>
  </testcase>
</testsuite>