<?xml version="1.0" encoding="UTF-8"?>
<testng-results ignored="0" total="3" passed="3" failed="0" skipped="0">
  <reporter-output>
  </reporter-output>
  <suite started-at="2024-04-24T16:19:54 IST" name="Mysuite" finished-at="2024-04-24T16:20:10 IST" duration-ms="16569">
    <groups>
      <group name="cucumber">
        <method signature="AbstractTestNGCucumberTests.runScenario(io.cucumber.testng.PickleWrapper,io.cucumber.testng.FeatureWrapper)[pri:0, instance:TestRunner.Testrun@13b6aecc]" name="runScenario" class="io.cucumber.testng.AbstractTestNGCucumberTests"/>
      </group> <!-- cucumber -->
    </groups>
    <test started-at="2024-04-24T16:19:54 IST" name="Mytest" finished-at="2024-04-24T16:20:10 IST" duration-ms="16569">
      <class name="TestRunner.Testrun">
        <test-method is-config="true" signature="setUpClass(org.testng.ITestContext)[pri:0, instance:TestRunner.Testrun@13b6aecc]" started-at="2024-04-24T16:19:54 IST" name="setUpClass" finished-at="2024-04-24T16:19:54 IST" duration-ms="387" status="PASS">
          <params>
            <param index="0">
              <value>
                <![CDATA[org.testng.TestRunner@61f6d381]]>
              </value>
            </param>
          </params>
          <reporter-output>
          </reporter-output>
        </test-method> <!-- setUpClass -->
        <test-method signature="runScenario(io.cucumber.testng.PickleWrapper,io.cucumber.testng.FeatureWrapper)[pri:0, instance:TestRunner.Testrun@13b6aecc]" started-at="2024-04-24T16:19:54 IST" name="runScenario" description="Runs Cucumber Scenarios" data-provider="scenarios" finished-at="2024-04-24T16:20:02 IST" duration-ms="7653" status="PASS">
          <params>
            <param index="0">
              <value>
                <![CDATA["Succesfully login with valid credentails"]]>
              </value>
            </param>
            <param index="1">
              <value>
                <![CDATA["Login"]]>
              </value>
            </param>
          </params>
          <reporter-output>
          </reporter-output>
        </test-method> <!-- runScenario -->
        <test-method signature="runScenario(io.cucumber.testng.PickleWrapper,io.cucumber.testng.FeatureWrapper)[pri:0, instance:TestRunner.Testrun@13b6aecc]" started-at="2024-04-24T16:20:02 IST" name="runScenario" description="Runs Cucumber Scenarios" data-provider="scenarios" finished-at="2024-04-24T16:20:06 IST" duration-ms="4299" status="PASS">
          <params>
            <param index="0">
              <value>
                <![CDATA["Login Data Driven"]]>
              </value>
            </param>
            <param index="1">
              <value>
                <![CDATA["Login"]]>
              </value>
            </param>
          </params>
          <reporter-output>
          </reporter-output>
        </test-method> <!-- runScenario -->
        <test-method signature="runScenario(io.cucumber.testng.PickleWrapper,io.cucumber.testng.FeatureWrapper)[pri:0, instance:TestRunner.Testrun@13b6aecc]" started-at="2024-04-24T16:20:06 IST" name="runScenario" description="Runs Cucumber Scenarios" data-provider="scenarios" finished-at="2024-04-24T16:20:10 IST" duration-ms="4161" status="PASS">
          <params>
            <param index="0">
              <value>
                <![CDATA["Login Data Driven"]]>
              </value>
            </param>
            <param index="1">
              <value>
                <![CDATA["Login"]]>
              </value>
            </param>
          </params>
          <reporter-output>
          </reporter-output>
        </test-method> <!-- runScenario -->
        <test-method is-config="true" signature="tearDownClass()[pri:0, instance:TestRunner.Testrun@13b6aecc]" started-at="2024-04-24T16:20:10 IST" name="tearDownClass" finished-at="2024-04-24T16:20:10 IST" duration-ms="16" status="PASS">
          <reporter-output>
          </reporter-output>
        </test-method> <!-- tearDownClass -->
      </class> <!-- TestRunner.Testrun -->
    </test> <!-- Mytest -->
  </suite> <!-- Mysuite -->
</testng-results>
